<?xml version="1.0" encoding="UTF-8"?>
<!-- Generated by org.testng.reporters.JUnitXMLReporter -->
<testsuite hostname="TestingWorld-PC" name="Test" tests="6" failures="0" timestamp="11 Nov 2017 06:01:15 GMT" time="0.189" errors="0">
  <testcase name="test1" time="0.016" classname="testing.A"/>
  <testcase name="test2" time="0.002" classname="testing.A"/>
  <testcase name="test3" time="0.002" classname="testing.A"/>
  <testcase name="test4" time="0.002" classname="testing.B"/>
  <testcase name="test5" time="0.001" classname="testing.B"/>
  <testcase name="test6" time="0.002" classname="testing.B"/>
</testsuite> <!-- Test -->
